[0.189s] Invoking command in '/home/sarthak/bumperbot_ws/build/bumperbot_controller': CMAKE_PREFIX_PATH=/opt/ros/humble /usr/bin/cmake --build /home/sarthak/bumperbot_ws/build/bumperbot_controller -- -j12 -l12
[0.241s] failed to create symbolic link '/home/sarthak/bumperbot_ws/build/bumperbot_controller/ament_cmake_python/bumperbot_controller/bumperbot_controller' because existing path cannot be removed: Is a directory
[0.242s] gmake[2]: *** [CMakeFiles/ament_cmake_python_symlink_bumperbot_controller.dir/build.make:70: CMakeFiles/ament_cmake_python_symlink_bumperbot_controller] Error 1
[0.243s] gmake[1]: *** [CMakeFiles/Makefile2:138: CMakeFiles/ament_cmake_python_symlink_bumperbot_controller.dir/all] Error 2
[0.244s] gmake: *** [Makefile:146: all] Error 2
[0.539s] Invoked command in '/home/sarthak/bumperbot_ws/build/bumperbot_controller' returned '2': CMAKE_PREFIX_PATH=/opt/ros/humble /usr/bin/cmake --build /home/sarthak/bumperbot_ws/build/bumperbot_controller -- -j12 -l12
